0 verbose cli /usr/bin/node /usr/bin/npm
1 info using npm@10.8.2
2 info using node@v18.20.8
3 silly config load:file:/usr/lib/node_modules/npm/npmrc
4 silly config load:file:/home/book/backend/.npmrc
5 silly config load:file:/home/book/.npmrc
6 silly config load:file:/usr/etc/npmrc
7 verbose title npm install nodemon
8 verbose argv "install" "--save-dev" "nodemon"
9 verbose logfile logs-max:10 dir:/home/book/.npm/_logs/2025-05-25T00_34_54_992Z-
10 verbose logfile /home/book/.npm/_logs/2025-05-25T00_34_54_992Z-debug-0.log
11 silly packumentCache heap:513277952 maxSize:128319488 maxEntrySize:64159744
12 silly logfile done cleaning log files
13 silly idealTree buildDeps
14 silly fetch manifest nodemon@*
15 silly packumentCache full:https://registry.npmjs.org/nodemon cache-miss
16 http fetch GET 200 https://registry.npmjs.org/nodemon 196ms (cache miss)
17 silly packumentCache full:https://registry.npmjs.org/nodemon set size:undefined disposed:false
18 silly placeDep ROOT nodemon@3.1.10 OK for: backend@1.0.0 want: *
19 silly fetch manifest chokidar@^3.5.2
20 silly packumentCache full:https://registry.npmjs.org/chokidar cache-miss
21 http fetch GET 200 https://registry.npmjs.org/chokidar 36ms (cache miss)
22 silly packumentCache full:https://registry.npmjs.org/chokidar set size:undefined disposed:false
23 silly fetch manifest ignore-by-default@^1.0.1
24 silly packumentCache full:https://registry.npmjs.org/ignore-by-default cache-miss
25 http fetch GET 200 https://registry.npmjs.org/ignore-by-default 86ms (cache miss)
26 silly packumentCache full:https://registry.npmjs.org/ignore-by-default set size:undefined disposed:false
27 silly fetch manifest minimatch@^3.1.2
28 silly packumentCache full:https://registry.npmjs.org/minimatch cache-miss
29 http fetch GET 200 https://registry.npmjs.org/minimatch 35ms (cache miss)
30 silly packumentCache full:https://registry.npmjs.org/minimatch set size:undefined disposed:false
31 silly fetch manifest pstree.remy@^1.1.8
32 silly packumentCache full:https://registry.npmjs.org/pstree.remy cache-miss
33 http fetch GET 200 https://registry.npmjs.org/pstree.remy 25ms (cache miss)
34 silly packumentCache full:https://registry.npmjs.org/pstree.remy set size:undefined disposed:false
35 silly fetch manifest semver@^7.5.3
36 silly packumentCache full:https://registry.npmjs.org/semver cache-miss
37 http fetch GET 200 https://registry.npmjs.org/semver 29ms (cache miss)
38 silly packumentCache full:https://registry.npmjs.org/semver set size:undefined disposed:false
39 silly fetch manifest simple-update-notifier@^2.0.0
40 silly packumentCache full:https://registry.npmjs.org/simple-update-notifier cache-miss
41 http fetch GET 200 https://registry.npmjs.org/simple-update-notifier 30ms (cache miss)
42 silly packumentCache full:https://registry.npmjs.org/simple-update-notifier set size:undefined disposed:false
43 silly fetch manifest supports-color@^5.5.0
44 silly packumentCache full:https://registry.npmjs.org/supports-color cache-miss
45 http fetch GET 200 https://registry.npmjs.org/supports-color 28ms (cache miss)
46 silly packumentCache full:https://registry.npmjs.org/supports-color set size:undefined disposed:false
47 silly fetch manifest touch@^3.1.0
48 silly packumentCache full:https://registry.npmjs.org/touch cache-miss
49 http fetch GET 200 https://registry.npmjs.org/touch 35ms (cache miss)
50 silly packumentCache full:https://registry.npmjs.org/touch set size:undefined disposed:false
51 silly fetch manifest undefsafe@^2.0.5
52 silly packumentCache full:https://registry.npmjs.org/undefsafe cache-miss
53 http fetch GET 200 https://registry.npmjs.org/undefsafe 29ms (cache miss)
54 silly packumentCache full:https://registry.npmjs.org/undefsafe set size:undefined disposed:false
55 silly placeDep ROOT chokidar@3.6.0 OK for: nodemon@3.1.10 want: ^3.5.2
56 silly placeDep ROOT ignore-by-default@1.0.1 OK for: nodemon@3.1.10 want: ^1.0.1
57 silly placeDep ROOT minimatch@3.1.2 OK for: nodemon@3.1.10 want: ^3.1.2
58 silly placeDep ROOT pstree.remy@1.1.8 OK for: nodemon@3.1.10 want: ^1.1.8
59 silly placeDep ROOT semver@7.7.2 OK for: nodemon@3.1.10 want: ^7.5.3
60 silly placeDep ROOT simple-update-notifier@2.0.0 OK for: nodemon@3.1.10 want: ^2.0.0
61 silly placeDep ROOT supports-color@5.5.0 OK for: nodemon@3.1.10 want: ^5.5.0
62 silly placeDep ROOT touch@3.1.1 OK for: nodemon@3.1.10 want: ^3.1.0
63 silly placeDep ROOT undefsafe@2.0.5 OK for: nodemon@3.1.10 want: ^2.0.5
64 silly fetch manifest braces@~3.0.2
65 silly packumentCache full:https://registry.npmjs.org/braces cache-miss
66 http fetch GET 200 https://registry.npmjs.org/braces 34ms (cache miss)
67 silly packumentCache full:https://registry.npmjs.org/braces set size:undefined disposed:false
68 silly fetch manifest is-glob@~4.0.1
69 silly packumentCache full:https://registry.npmjs.org/is-glob cache-miss
70 http fetch GET 200 https://registry.npmjs.org/is-glob 60ms (cache miss)
71 silly packumentCache full:https://registry.npmjs.org/is-glob set size:undefined disposed:false
72 silly fetch manifest anymatch@~3.1.2
73 silly packumentCache full:https://registry.npmjs.org/anymatch cache-miss
74 http fetch GET 200 https://registry.npmjs.org/anymatch 35ms (cache miss)
75 silly packumentCache full:https://registry.npmjs.org/anymatch set size:undefined disposed:false
76 silly fetch manifest readdirp@~3.6.0
77 silly packumentCache full:https://registry.npmjs.org/readdirp cache-miss
78 http fetch GET 200 https://registry.npmjs.org/readdirp 35ms (cache miss)
79 silly packumentCache full:https://registry.npmjs.org/readdirp set size:undefined disposed:false
80 silly fetch manifest glob-parent@~5.1.2
81 silly packumentCache full:https://registry.npmjs.org/glob-parent cache-miss
82 http fetch GET 200 https://registry.npmjs.org/glob-parent 30ms (cache miss)
83 silly packumentCache full:https://registry.npmjs.org/glob-parent set size:undefined disposed:false
84 silly fetch manifest is-binary-path@~2.1.0
85 silly packumentCache full:https://registry.npmjs.org/is-binary-path cache-miss
86 http fetch GET 200 https://registry.npmjs.org/is-binary-path 32ms (cache miss)
87 silly packumentCache full:https://registry.npmjs.org/is-binary-path set size:undefined disposed:false
88 silly fetch manifest normalize-path@~3.0.0
89 silly packumentCache full:https://registry.npmjs.org/normalize-path cache-miss
90 http fetch GET 200 https://registry.npmjs.org/normalize-path 34ms (cache miss)
91 silly packumentCache full:https://registry.npmjs.org/normalize-path set size:undefined disposed:false
92 silly fetch manifest fsevents@~2.3.2
93 silly packumentCache full:https://registry.npmjs.org/fsevents cache-miss
94 http fetch GET 200 https://registry.npmjs.org/fsevents 30ms (cache miss)
95 silly packumentCache full:https://registry.npmjs.org/fsevents set size:undefined disposed:false
96 silly fetch manifest brace-expansion@^1.1.7
97 silly packumentCache full:https://registry.npmjs.org/brace-expansion cache-miss
98 http fetch GET 200 https://registry.npmjs.org/brace-expansion 27ms (cache miss)
99 silly packumentCache full:https://registry.npmjs.org/brace-expansion set size:undefined disposed:false
100 silly fetch manifest has-flag@^3.0.0
101 silly packumentCache full:https://registry.npmjs.org/has-flag cache-miss
102 http fetch GET 200 https://registry.npmjs.org/has-flag 28ms (cache miss)
103 silly packumentCache full:https://registry.npmjs.org/has-flag set size:undefined disposed:false
104 silly placeDep ROOT anymatch@3.1.3 OK for: chokidar@3.6.0 want: ~3.1.2
105 silly placeDep ROOT braces@3.0.3 OK for: chokidar@3.6.0 want: ~3.0.2
106 silly placeDep ROOT fsevents@2.3.3 OK for: chokidar@3.6.0 want: ~2.3.2
107 silly placeDep ROOT glob-parent@5.1.2 OK for: chokidar@3.6.0 want: ~5.1.2
108 silly placeDep ROOT is-binary-path@2.1.0 OK for: chokidar@3.6.0 want: ~2.1.0
109 silly placeDep ROOT is-glob@4.0.3 OK for: chokidar@3.6.0 want: ~4.0.1
110 silly placeDep ROOT normalize-path@3.0.0 OK for: chokidar@3.6.0 want: ~3.0.0
111 silly placeDep ROOT readdirp@3.6.0 OK for: chokidar@3.6.0 want: ~3.6.0
112 silly fetch manifest picomatch@^2.0.4
113 silly packumentCache full:https://registry.npmjs.org/picomatch cache-miss
114 http fetch GET 200 https://registry.npmjs.org/picomatch 40ms (cache miss)
115 silly packumentCache full:https://registry.npmjs.org/picomatch set size:undefined disposed:false
116 silly fetch manifest normalize-path@^3.0.0
117 silly packumentCache full:https://registry.npmjs.org/normalize-path cache-miss
118 http fetch GET 200 https://registry.npmjs.org/normalize-path 9ms (cache hit)
119 silly packumentCache full:https://registry.npmjs.org/normalize-path set size:28713 disposed:false
120 silly fetch manifest fill-range@^7.1.1
121 silly packumentCache full:https://registry.npmjs.org/fill-range cache-miss
122 http fetch GET 200 https://registry.npmjs.org/fill-range 29ms (cache miss)
123 silly packumentCache full:https://registry.npmjs.org/fill-range set size:undefined disposed:false
124 silly fetch manifest is-glob@^4.0.1
125 silly packumentCache full:https://registry.npmjs.org/is-glob cache-miss
126 http fetch GET 200 https://registry.npmjs.org/is-glob 4ms (cache hit)
127 silly packumentCache full:https://registry.npmjs.org/is-glob set size:40530 disposed:false
128 silly fetch manifest binary-extensions@^2.0.0
129 silly packumentCache full:https://registry.npmjs.org/binary-extensions cache-miss
130 http fetch GET 200 https://registry.npmjs.org/binary-extensions 29ms (cache miss)
131 silly packumentCache full:https://registry.npmjs.org/binary-extensions set size:undefined disposed:false
132 silly fetch manifest is-extglob@^2.1.1
133 silly packumentCache full:https://registry.npmjs.org/is-extglob cache-miss
134 http fetch GET 200 https://registry.npmjs.org/is-extglob 55ms (cache miss)
135 silly packumentCache full:https://registry.npmjs.org/is-extglob set size:undefined disposed:false
136 silly fetch manifest picomatch@^2.2.1
137 silly packumentCache full:https://registry.npmjs.org/picomatch cache-miss
138 http fetch GET 200 https://registry.npmjs.org/picomatch 5ms (cache hit)
139 silly packumentCache full:https://registry.npmjs.org/picomatch set size:116191 disposed:false
140 silly placeDep ROOT picomatch@2.3.1 OK for: anymatch@3.1.3 want: ^2.0.4
141 silly placeDep ROOT fill-range@7.1.1 OK for: braces@3.0.3 want: ^7.1.1
142 silly fetch manifest to-regex-range@^5.0.1
143 silly packumentCache full:https://registry.npmjs.org/to-regex-range cache-miss
144 http fetch GET 200 https://registry.npmjs.org/to-regex-range 36ms (cache miss)
145 silly packumentCache full:https://registry.npmjs.org/to-regex-range set size:undefined disposed:false
146 silly placeDep ROOT to-regex-range@5.0.1 OK for: fill-range@7.1.1 want: ^5.0.1
147 silly fetch manifest is-number@^7.0.0
148 silly packumentCache full:https://registry.npmjs.org/is-number cache-miss
149 http fetch GET 200 https://registry.npmjs.org/is-number 36ms (cache miss)
150 silly packumentCache full:https://registry.npmjs.org/is-number set size:undefined disposed:false
151 silly placeDep ROOT binary-extensions@2.3.0 OK for: is-binary-path@2.1.0 want: ^2.0.0
152 silly placeDep ROOT is-extglob@2.1.1 OK for: is-glob@4.0.3 want: ^2.1.1
153 silly placeDep ROOT brace-expansion@1.1.11 OK for: minimatch@3.1.2 want: ^1.1.7
154 silly fetch manifest balanced-match@^1.0.0
155 silly packumentCache full:https://registry.npmjs.org/balanced-match cache-miss
156 http fetch GET 200 https://registry.npmjs.org/balanced-match 27ms (cache miss)
157 silly packumentCache full:https://registry.npmjs.org/balanced-match set size:undefined disposed:false
158 silly fetch manifest concat-map@0.0.1
159 silly packumentCache full:https://registry.npmjs.org/concat-map cache-miss
160 http fetch GET 200 https://registry.npmjs.org/concat-map 24ms (cache miss)
161 silly packumentCache full:https://registry.npmjs.org/concat-map set size:undefined disposed:false
162 silly placeDep ROOT balanced-match@1.0.2 OK for: brace-expansion@1.1.11 want: ^1.0.0
163 silly placeDep ROOT concat-map@0.0.1 OK for: brace-expansion@1.1.11 want: 0.0.1
164 silly placeDep ROOT has-flag@3.0.0 OK for: supports-color@5.5.0 want: ^3.0.0
165 silly placeDep ROOT is-number@7.0.0 OK for: to-regex-range@5.0.1 want: ^7.0.0
166 silly reify moves {}
167 silly audit bulk request {
167 silly audit   accepts: [ '2.0.0' ],
167 silly audit   'body-parser': [ '2.2.0' ],
167 silly audit   bytes: [ '3.1.2' ],
167 silly audit   'call-bind-apply-helpers': [ '1.0.2' ],
167 silly audit   'call-bound': [ '1.0.4' ],
167 silly audit   'content-disposition': [ '1.0.0' ],
167 silly audit   'content-type': [ '1.0.5' ],
167 silly audit   cookie: [ '0.7.2' ],
167 silly audit   'cookie-signature': [ '1.2.2' ],
167 silly audit   cors: [ '2.8.5' ],
167 silly audit   'data-uri-to-buffer': [ '4.0.1' ],
167 silly audit   debug: [ '4.4.1' ],
167 silly audit   depd: [ '2.0.0' ],
167 silly audit   'dunder-proto': [ '1.0.1' ],
167 silly audit   'ee-first': [ '1.1.1' ],
167 silly audit   encodeurl: [ '2.0.0' ],
167 silly audit   'es-define-property': [ '1.0.1' ],
167 silly audit   'es-errors': [ '1.3.0' ],
167 silly audit   'es-object-atoms': [ '1.1.1' ],
167 silly audit   'escape-html': [ '1.0.3' ],
167 silly audit   etag: [ '1.8.1' ],
167 silly audit   express: [ '5.1.0' ],
167 silly audit   'fetch-blob': [ '3.2.0' ],
167 silly audit   finalhandler: [ '2.1.0' ],
167 silly audit   'formdata-polyfill': [ '4.0.10' ],
167 silly audit   forwarded: [ '0.2.0' ],
167 silly audit   fresh: [ '2.0.0' ],
167 silly audit   'function-bind': [ '1.1.2' ],
167 silly audit   'get-intrinsic': [ '1.3.0' ],
167 silly audit   'get-proto': [ '1.0.1' ],
167 silly audit   gopd: [ '1.2.0' ],
167 silly audit   'has-symbols': [ '1.1.0' ],
167 silly audit   hasown: [ '2.0.2' ],
167 silly audit   'http-errors': [ '2.0.0' ],
167 silly audit   'iconv-lite': [ '0.6.3' ],
167 silly audit   inherits: [ '2.0.4' ],
167 silly audit   'ipaddr.js': [ '1.9.1' ],
167 silly audit   'is-promise': [ '4.0.0' ],
167 silly audit   'math-intrinsics': [ '1.1.0' ],
167 silly audit   'media-typer': [ '1.1.0' ],
167 silly audit   'merge-descriptors': [ '2.0.0' ],
167 silly audit   'mime-db': [ '1.54.0' ],
167 silly audit   'mime-types': [ '3.0.1' ],
167 silly audit   ms: [ '2.1.3' ],
167 silly audit   negotiator: [ '1.0.0' ],
167 silly audit   'node-domexception': [ '1.0.0' ],
167 silly audit   'node-fetch': [ '3.3.2' ],
167 silly audit   'object-assign': [ '4.1.1' ],
167 silly audit   'object-inspect': [ '1.13.4' ],
167 silly audit   'on-finished': [ '2.4.1' ],
167 silly audit   once: [ '1.4.0' ],
167 silly audit   parseurl: [ '1.3.3' ],
167 silly audit   'path-to-regexp': [ '8.2.0' ],
167 silly audit   'proxy-addr': [ '2.0.7' ],
167 silly audit   qs: [ '6.14.0' ],
167 silly audit   'range-parser': [ '1.2.1' ],
167 silly audit   'raw-body': [ '3.0.0' ],
167 silly audit   router: [ '2.2.0' ],
167 silly audit   'safe-buffer': [ '5.2.1' ],
167 silly audit   'safer-buffer': [ '2.1.2' ],
167 silly audit   send: [ '1.2.0' ],
167 silly audit   'serve-static': [ '2.2.0' ],
167 silly audit   setprototypeof: [ '1.2.0' ],
167 silly audit   'side-channel': [ '1.1.0' ],
167 silly audit   'side-channel-list': [ '1.0.0' ],
167 silly audit   'side-channel-map': [ '1.0.1' ],
167 silly audit   'side-channel-weakmap': [ '1.0.2' ],
167 silly audit   statuses: [ '2.0.1' ],
167 silly audit   toidentifier: [ '1.0.1' ],
167 silly audit   'type-is': [ '2.0.1' ],
167 silly audit   unpipe: [ '1.0.0' ],
167 silly audit   vary: [ '1.1.2' ],
167 silly audit   'web-streams-polyfill': [ '3.3.3' ],
167 silly audit   wrappy: [ '1.0.2' ],
167 silly audit   nodemon: [ '3.1.10' ],
167 silly audit   chokidar: [ '3.6.0' ],
167 silly audit   'ignore-by-default': [ '1.0.1' ],
167 silly audit   minimatch: [ '3.1.2' ],
167 silly audit   'pstree.remy': [ '1.1.8' ],
167 silly audit   semver: [ '7.7.2' ],
167 silly audit   'simple-update-notifier': [ '2.0.0' ],
167 silly audit   'supports-color': [ '5.5.0' ],
167 silly audit   touch: [ '3.1.1' ],
167 silly audit   undefsafe: [ '2.0.5' ],
167 silly audit   anymatch: [ '3.1.3' ],
167 silly audit   braces: [ '3.0.3' ],
167 silly audit   fsevents: [ '2.3.3' ],
167 silly audit   'glob-parent': [ '5.1.2' ],
167 silly audit   'is-binary-path': [ '2.1.0' ],
167 silly audit   'is-glob': [ '4.0.3' ],
167 silly audit   'normalize-path': [ '3.0.0' ],
167 silly audit   readdirp: [ '3.6.0' ],
167 silly audit   picomatch: [ '2.3.1' ],
167 silly audit   'fill-range': [ '7.1.1' ],
167 silly audit   'to-regex-range': [ '5.0.1' ],
167 silly audit   'binary-extensions': [ '2.3.0' ],
167 silly audit   'is-extglob': [ '2.1.1' ],
167 silly audit   'brace-expansion': [ '1.1.11' ],
167 silly audit   'balanced-match': [ '1.0.2' ],
167 silly audit   'concat-map': [ '0.0.1' ],
167 silly audit   'has-flag': [ '3.0.0' ],
167 silly audit   'is-number': [ '7.0.0' ]
167 silly audit }
168 verbose reify failed optional dependency /home/book/backend/node_modules/fsevents
169 silly reify mark deleted [ '/home/book/backend/node_modules/fsevents' ]
170 silly tarball no local data for is-number@https://registry.npmjs.org/is-number/-/is-number-7.0.0.tgz. Extracting by manifest.
171 silly tarball no local data for has-flag@https://registry.npmjs.org/has-flag/-/has-flag-3.0.0.tgz. Extracting by manifest.
172 silly tarball no local data for concat-map@https://registry.npmjs.org/concat-map/-/concat-map-0.0.1.tgz. Extracting by manifest.
173 silly tarball no local data for balanced-match@https://registry.npmjs.org/balanced-match/-/balanced-match-1.0.2.tgz. Extracting by manifest.
174 silly tarball no local data for brace-expansion@https://registry.npmjs.org/brace-expansion/-/brace-expansion-1.1.11.tgz. Extracting by manifest.
175 silly tarball no local data for is-extglob@https://registry.npmjs.org/is-extglob/-/is-extglob-2.1.1.tgz. Extracting by manifest.
176 silly tarball no local data for binary-extensions@https://registry.npmjs.org/binary-extensions/-/binary-extensions-2.3.0.tgz. Extracting by manifest.
177 silly tarball no local data for to-regex-range@https://registry.npmjs.org/to-regex-range/-/to-regex-range-5.0.1.tgz. Extracting by manifest.
178 silly tarball no local data for fill-range@https://registry.npmjs.org/fill-range/-/fill-range-7.1.1.tgz. Extracting by manifest.
179 silly tarball no local data for picomatch@https://registry.npmjs.org/picomatch/-/picomatch-2.3.1.tgz. Extracting by manifest.
180 silly tarball no local data for readdirp@https://registry.npmjs.org/readdirp/-/readdirp-3.6.0.tgz. Extracting by manifest.
181 silly tarball no local data for normalize-path@https://registry.npmjs.org/normalize-path/-/normalize-path-3.0.0.tgz. Extracting by manifest.
182 silly tarball no local data for is-binary-path@https://registry.npmjs.org/is-binary-path/-/is-binary-path-2.1.0.tgz. Extracting by manifest.
183 silly tarball no local data for is-glob@https://registry.npmjs.org/is-glob/-/is-glob-4.0.3.tgz. Extracting by manifest.
184 silly tarball no local data for glob-parent@https://registry.npmjs.org/glob-parent/-/glob-parent-5.1.2.tgz. Extracting by manifest.
185 silly tarball no local data for braces@https://registry.npmjs.org/braces/-/braces-3.0.3.tgz. Extracting by manifest.
186 silly tarball no local data for anymatch@https://registry.npmjs.org/anymatch/-/anymatch-3.1.3.tgz. Extracting by manifest.
187 silly tarball no local data for undefsafe@https://registry.npmjs.org/undefsafe/-/undefsafe-2.0.5.tgz. Extracting by manifest.
188 silly tarball no local data for touch@https://registry.npmjs.org/touch/-/touch-3.1.1.tgz. Extracting by manifest.
189 silly tarball no local data for simple-update-notifier@https://registry.npmjs.org/simple-update-notifier/-/simple-update-notifier-2.0.0.tgz. Extracting by manifest.
190 silly tarball no local data for supports-color@https://registry.npmjs.org/supports-color/-/supports-color-5.5.0.tgz. Extracting by manifest.
191 silly tarball no local data for pstree.remy@https://registry.npmjs.org/pstree.remy/-/pstree.remy-1.1.8.tgz. Extracting by manifest.
192 silly tarball no local data for semver@https://registry.npmjs.org/semver/-/semver-7.7.2.tgz. Extracting by manifest.
193 silly tarball no local data for minimatch@https://registry.npmjs.org/minimatch/-/minimatch-3.1.2.tgz. Extracting by manifest.
194 silly tarball no local data for ignore-by-default@https://registry.npmjs.org/ignore-by-default/-/ignore-by-default-1.0.1.tgz. Extracting by manifest.
195 silly tarball no local data for chokidar@https://registry.npmjs.org/chokidar/-/chokidar-3.6.0.tgz. Extracting by manifest.
196 silly tarball no local data for nodemon@https://registry.npmjs.org/nodemon/-/nodemon-3.1.10.tgz. Extracting by manifest.
197 http fetch POST 200 https://registry.npmjs.org/-/npm/v1/security/advisories/bulk 292ms
198 silly audit report {}
199 http fetch GET 200 https://registry.npmjs.org/has-flag/-/has-flag-3.0.0.tgz 548ms (cache miss)
200 http fetch GET 200 https://registry.npmjs.org/binary-extensions/-/binary-extensions-2.3.0.tgz 541ms (cache miss)
201 http fetch GET 200 https://registry.npmjs.org/concat-map/-/concat-map-0.0.1.tgz 548ms (cache miss)
202 http fetch GET 200 https://registry.npmjs.org/balanced-match/-/balanced-match-1.0.2.tgz 548ms (cache miss)
203 http fetch GET 200 https://registry.npmjs.org/anymatch/-/anymatch-3.1.3.tgz 529ms (cache miss)
204 http fetch GET 200 https://registry.npmjs.org/touch/-/touch-3.1.1.tgz 525ms (cache miss)
205 http fetch GET 200 https://registry.npmjs.org/undefsafe/-/undefsafe-2.0.5.tgz 528ms (cache miss)
206 http fetch GET 200 https://registry.npmjs.org/is-glob/-/is-glob-4.0.3.tgz 537ms (cache miss)
207 http fetch GET 200 https://registry.npmjs.org/is-binary-path/-/is-binary-path-2.1.0.tgz 539ms (cache miss)
208 http fetch GET 200 https://registry.npmjs.org/glob-parent/-/glob-parent-5.1.2.tgz 538ms (cache miss)
209 http fetch GET 200 https://registry.npmjs.org/ignore-by-default/-/ignore-by-default-1.0.1.tgz 526ms (cache miss)
210 http fetch GET 200 https://registry.npmjs.org/is-number/-/is-number-7.0.0.tgz 565ms (cache miss)
211 http fetch GET 200 https://registry.npmjs.org/brace-expansion/-/brace-expansion-1.1.11.tgz 559ms (cache miss)
212 http fetch GET 200 https://registry.npmjs.org/supports-color/-/supports-color-5.5.0.tgz 534ms (cache miss)
213 http fetch GET 200 https://registry.npmjs.org/to-regex-range/-/to-regex-range-5.0.1.tgz 557ms (cache miss)
214 http fetch GET 200 https://registry.npmjs.org/is-extglob/-/is-extglob-2.1.1.tgz 561ms (cache miss)
215 http fetch GET 200 https://registry.npmjs.org/fill-range/-/fill-range-7.1.1.tgz 557ms (cache miss)
216 http fetch GET 200 https://registry.npmjs.org/normalize-path/-/normalize-path-3.0.0.tgz 552ms (cache miss)
217 http fetch GET 200 https://registry.npmjs.org/readdirp/-/readdirp-3.6.0.tgz 561ms (cache miss)
218 http fetch GET 200 https://registry.npmjs.org/pstree.remy/-/pstree.remy-1.1.8.tgz 545ms (cache miss)
219 http fetch GET 200 https://registry.npmjs.org/simple-update-notifier/-/simple-update-notifier-2.0.0.tgz 552ms (cache miss)
220 http fetch GET 200 https://registry.npmjs.org/minimatch/-/minimatch-3.1.2.tgz 549ms (cache miss)
221 http fetch GET 200 https://registry.npmjs.org/braces/-/braces-3.0.3.tgz 570ms (cache miss)
222 http fetch GET 200 https://registry.npmjs.org/chokidar/-/chokidar-3.6.0.tgz 559ms (cache miss)
223 http fetch GET 200 https://registry.npmjs.org/picomatch/-/picomatch-2.3.1.tgz 596ms (cache miss)
224 http fetch GET 200 https://registry.npmjs.org/semver/-/semver-7.7.2.tgz 598ms (cache miss)
225 http fetch GET 200 https://registry.npmjs.org/nodemon/-/nodemon-3.1.10.tgz 592ms (cache miss)
226 silly ADD node_modules/is-number
227 silly ADD node_modules/has-flag
228 silly ADD node_modules/concat-map
229 silly ADD node_modules/balanced-match
230 silly ADD node_modules/brace-expansion
231 silly ADD node_modules/is-extglob
232 silly ADD node_modules/binary-extensions
233 silly ADD node_modules/to-regex-range
234 silly ADD node_modules/fill-range
235 silly ADD node_modules/picomatch
236 silly ADD node_modules/readdirp
237 silly ADD node_modules/normalize-path
238 silly ADD node_modules/is-glob
239 silly ADD node_modules/is-binary-path
240 silly ADD node_modules/glob-parent
241 silly ADD
242 silly ADD node_modules/braces
243 silly ADD node_modules/anymatch
244 silly ADD node_modules/undefsafe
245 silly ADD node_modules/touch
246 silly ADD node_modules/supports-color
247 silly ADD node_modules/simple-update-notifier
248 silly ADD node_modules/semver
249 silly ADD node_modules/pstree.remy
250 silly ADD node_modules/minimatch
251 silly ADD node_modules/ignore-by-default
252 silly ADD node_modules/chokidar
253 silly ADD node_modules/nodemon
254 verbose cwd /home/book/backend
255 verbose os Linux 6.1.0-35-amd64
256 verbose node v18.20.8
257 verbose npm  v10.8.2
258 verbose exit 0
259 info ok
