0 verbose cli /usr/bin/node /usr/bin/npm
1 info using npm@10.8.2
2 info using node@v18.20.8
3 silly config load:file:/usr/lib/node_modules/npm/npmrc
4 silly config load:file:/home/book/.npmrc
5 silly config load:file:/usr/etc/npmrc
6 verbose title npm install
7 verbose argv "install"
8 verbose logfile logs-max:10 dir:/home/book/.npm/_logs/2025-06-07T09_38_27_515Z-
9 verbose logfile /home/book/.npm/_logs/2025-06-07T09_38_27_515Z-debug-0.log
10 silly packumentCache heap:513277952 maxSize:128319488 maxEntrySize:64159744
11 silly logfile done cleaning log files
12 silly idealTree buildDeps
13 verbose shrinkwrap failed to load node_modules/.package-lock.json out of date, updated: node_modules
14 http fetch GET 200 https://registry.npmjs.org/npm 626ms
15 silly reify mark retired [ '/home/book/node_modules/asynckit' ]
16 silly reify mark retired [ '/home/book/node_modules/axios' ]
17 silly reify mark retired [ '/home/book/node_modules/bcrypt' ]
18 silly reify mark retired [ '/home/book/node_modules/combined-stream' ]
19 silly reify mark retired [ '/home/book/node_modules/delayed-stream' ]
20 silly reify mark retired [ '/home/book/node_modules/es-set-tostringtag' ]
21 silly reify mark retired [ '/home/book/node_modules/follow-redirects' ]
22 silly reify mark retired [ '/home/book/node_modules/form-data' ]
23 silly reify mark retired [ '/home/book/node_modules/has-tostringtag' ]
24 silly reify mark retired [ '/home/book/node_modules/node-addon-api' ]
25 silly reify mark retired [
25 silly reify   '/home/book/node_modules/node-gyp-build',
25 silly reify   '/home/book/node_modules/.bin/node-gyp-build',
25 silly reify   '/home/book/node_modules/.bin/node-gyp-build-optional',
25 silly reify   '/home/book/node_modules/.bin/node-gyp-build-test'
25 silly reify ]
26 silly reify mark retired [ '/home/book/node_modules/proxy-from-env' ]
27 silly reify mark retired [ '/home/book/node_modules/nodemailer' ]
28 silly reify moves {
28 silly reify   '/home/book/node_modules/asynckit': '/home/book/node_modules/.asynckit-4NY8yvM9',
28 silly reify   '/home/book/node_modules/axios': '/home/book/node_modules/.axios-I7Me9Q8e',
28 silly reify   '/home/book/node_modules/bcrypt': '/home/book/node_modules/.bcrypt-2Phk0Y6r',
28 silly reify   '/home/book/node_modules/combined-stream': '/home/book/node_modules/.combined-stream-idWtVEkp',
28 silly reify   '/home/book/node_modules/delayed-stream': '/home/book/node_modules/.delayed-stream-Dhcby2Nc',
28 silly reify   '/home/book/node_modules/es-set-tostringtag': '/home/book/node_modules/.es-set-tostringtag-hXt9FnPZ',
28 silly reify   '/home/book/node_modules/follow-redirects': '/home/book/node_modules/.follow-redirects-qHhYKEUl',
28 silly reify   '/home/book/node_modules/form-data': '/home/book/node_modules/.form-data-WgKAI0Ij',
28 silly reify   '/home/book/node_modules/has-tostringtag': '/home/book/node_modules/.has-tostringtag-uoLJJMHE',
28 silly reify   '/home/book/node_modules/node-addon-api': '/home/book/node_modules/.node-addon-api-WNMA3M7C',
28 silly reify   '/home/book/node_modules/node-gyp-build': '/home/book/node_modules/.node-gyp-build-Y6H1roBl',
28 silly reify   '/home/book/node_modules/.bin/node-gyp-build': '/home/book/node_modules/.bin/.node-gyp-build-ZtmHIk5Z',
28 silly reify   '/home/book/node_modules/.bin/node-gyp-build-optional': '/home/book/node_modules/.bin/.node-gyp-build-optional-lig3mp7x',
28 silly reify   '/home/book/node_modules/.bin/node-gyp-build-test': '/home/book/node_modules/.bin/.node-gyp-build-test-ukMjNkUm',
28 silly reify   '/home/book/node_modules/proxy-from-env': '/home/book/node_modules/.proxy-from-env-EfAx0qBM',
28 silly reify   '/home/book/node_modules/nodemailer': '/home/book/node_modules/.nodemailer-NO70bDec'
28 silly reify }
29 silly audit bulk request {
29 silly audit   accepts: [ '1.3.8' ],
29 silly audit   anymatch: [ '3.1.3' ],
29 silly audit   'append-field': [ '1.0.0' ],
29 silly audit   'array-flatten': [ '1.1.1' ],
29 silly audit   'balanced-match': [ '1.0.2' ],
29 silly audit   'binary-extensions': [ '2.3.0' ],
29 silly audit   'body-parser': [ '1.20.3' ],
29 silly audit   'brace-expansion': [ '1.1.11' ],
29 silly audit   braces: [ '3.0.3' ],
29 silly audit   'buffer-from': [ '1.1.2' ],
29 silly audit   busboy: [ '1.6.0' ],
29 silly audit   bytes: [ '3.1.2' ],
29 silly audit   'call-bind-apply-helpers': [ '1.0.2' ],
29 silly audit   'call-bound': [ '1.0.4' ],
29 silly audit   chokidar: [ '3.6.0' ],
29 silly audit   'concat-map': [ '0.0.1' ],
29 silly audit   'concat-stream': [ '1.6.2' ],
29 silly audit   'content-disposition': [ '0.5.4' ],
29 silly audit   'content-type': [ '1.0.5' ],
29 silly audit   cookie: [ '0.7.1' ],
29 silly audit   'cookie-signature': [ '1.0.6' ],
29 silly audit   'core-util-is': [ '1.0.3' ],
29 silly audit   cors: [ '2.8.5' ],
29 silly audit   'csv-parser': [ '3.2.0' ],
29 silly audit   debug: [ '2.6.9', '4.4.1' ],
29 silly audit   depd: [ '2.0.0' ],
29 silly audit   destroy: [ '1.2.0' ],
29 silly audit   'dunder-proto': [ '1.0.1' ],
29 silly audit   'ee-first': [ '1.1.1' ],
29 silly audit   encodeurl: [ '2.0.0', '1.0.2' ],
29 silly audit   'es-define-property': [ '1.0.1' ],
29 silly audit   'es-errors': [ '1.3.0' ],
29 silly audit   'es-object-atoms': [ '1.1.1' ],
29 silly audit   'escape-html': [ '1.0.3' ],
29 silly audit   etag: [ '1.8.1' ],
29 silly audit   express: [ '4.21.2' ],
29 silly audit   'fill-range': [ '7.1.1' ],
29 silly audit   finalhandler: [ '1.3.1' ],
29 silly audit   forwarded: [ '0.2.0' ],
29 silly audit   fresh: [ '0.5.2' ],
29 silly audit   'fs-extra': [ '11.3.0' ],
29 silly audit   fsevents: [ '2.3.3' ],
29 silly audit   'function-bind': [ '1.1.2' ],
29 silly audit   'get-intrinsic': [ '1.3.0' ],
29 silly audit   'get-proto': [ '1.0.1' ],
29 silly audit   'glob-parent': [ '5.1.2' ],
29 silly audit   gopd: [ '1.2.0' ],
29 silly audit   'graceful-fs': [ '4.2.11' ],
29 silly audit   'has-flag': [ '3.0.0' ],
29 silly audit   'has-symbols': [ '1.1.0' ],
29 silly audit   hasown: [ '2.0.2' ],
29 silly audit   'http-errors': [ '2.0.0' ],
29 silly audit   'iconv-lite': [ '0.4.24' ],
29 silly audit   'ignore-by-default': [ '1.0.1' ],
29 silly audit   inherits: [ '2.0.4' ],
29 silly audit   'ipaddr.js': [ '1.9.1' ],
29 silly audit   'is-binary-path': [ '2.1.0' ],
29 silly audit   'is-extglob': [ '2.1.1' ],
29 silly audit   'is-glob': [ '4.0.3' ],
29 silly audit   'is-number': [ '7.0.0' ],
29 silly audit   isarray: [ '1.0.0' ],
29 silly audit   jsonfile: [ '6.1.0' ],
29 silly audit   'math-intrinsics': [ '1.1.0' ],
29 silly audit   'media-typer': [ '0.3.0' ],
29 silly audit   'merge-descriptors': [ '1.0.3' ],
29 silly audit   methods: [ '1.1.2' ],
29 silly audit   mime: [ '1.6.0' ],
29 silly audit   'mime-db': [ '1.52.0' ],
29 silly audit   'mime-types': [ '2.1.35' ],
29 silly audit   minimatch: [ '3.1.2' ],
29 silly audit   minimist: [ '1.2.8' ],
29 silly audit   mkdirp: [ '0.5.6' ],
29 silly audit   ms: [ '2.0.0', '2.1.3' ],
29 silly audit   multer: [ '1.4.5-lts.2' ],
29 silly audit   negotiator: [ '0.6.3' ],
29 silly audit   nodemon: [ '3.1.10' ],
29 silly audit   'normalize-path': [ '3.0.0' ],
29 silly audit   'object-assign': [ '4.1.1' ],
29 silly audit   'object-inspect': [ '1.13.4' ],
29 silly audit   'on-finished': [ '2.4.1' ],
29 silly audit   parseurl: [ '1.3.3' ],
29 silly audit   'path-to-regexp': [ '0.1.12' ],
29 silly audit   picomatch: [ '2.3.1' ],
29 silly audit   'process-nextick-args': [ '2.0.1' ],
29 silly audit   'proxy-addr': [ '2.0.7' ],
29 silly audit   'pstree.remy': [ '1.1.8' ],
29 silly audit   qs: [ '6.13.0' ],
29 silly audit   'range-parser': [ '1.2.1' ],
29 silly audit   'raw-body': [ '2.5.2' ],
29 silly audit   'readable-stream': [ '2.3.8' ],
29 silly audit   'safe-buffer': [ '5.1.2', '5.2.1' ],
29 silly audit   readdirp: [ '3.6.0' ],
29 silly audit   'safer-buffer': [ '2.1.2' ],
29 silly audit   semver: [ '7.7.2' ],
29 silly audit   send: [ '0.19.0' ],
29 silly audit   'serve-static': [ '1.16.2' ],
29 silly audit   setprototypeof: [ '1.2.0' ],
29 silly audit   'side-channel': [ '1.1.0' ],
29 silly audit   'side-channel-list': [ '1.0.0' ],
29 silly audit   'side-channel-map': [ '1.0.1' ],
29 silly audit   'side-channel-weakmap': [ '1.0.2' ],
29 silly audit   'simple-update-notifier': [ '2.0.0' ],
29 silly audit   statuses: [ '2.0.1' ],
29 silly audit   streamsearch: [ '1.1.0' ],
29 silly audit   string_decoder: [ '1.1.1' ],
29 silly audit   'supports-color': [ '5.5.0' ],
29 silly audit   'to-regex-range': [ '5.0.1' ],
29 silly audit   toidentifier: [ '1.0.1' ],
29 silly audit   touch: [ '3.1.1' ],
29 silly audit   'type-is': [ '1.6.18' ],
29 silly audit   typedarray: [ '0.0.6' ],
29 silly audit   undefsafe: [ '2.0.5' ],
29 silly audit   universalify: [ '2.0.1' ],
29 silly audit   unpipe: [ '1.0.0' ],
29 silly audit   'util-deprecate': [ '1.0.2' ],
29 silly audit   'utils-merge': [ '1.0.1' ],
29 silly audit   uuid: [ '9.0.1' ],
29 silly audit   vary: [ '1.1.2' ],
29 silly audit   xtend: [ '4.0.2' ]
29 silly audit }
30 http fetch POST 200 https://registry.npmjs.org/-/npm/v1/security/advisories/bulk 320ms
31 silly audit report {}
32 silly REMOVE node_modules/nodemailer
33 silly REMOVE node_modules/proxy-from-env
34 silly REMOVE node_modules/node-gyp-build
35 silly REMOVE node_modules/node-addon-api
36 silly REMOVE node_modules/has-tostringtag
37 silly REMOVE node_modules/form-data
38 silly REMOVE node_modules/follow-redirects
39 silly REMOVE node_modules/es-set-tostringtag
40 silly REMOVE node_modules/delayed-stream
41 silly REMOVE node_modules/combined-stream
42 silly REMOVE node_modules/bcrypt
43 silly REMOVE node_modules/axios
44 silly REMOVE node_modules/asynckit
45 verbose cwd /home/book
46 verbose os Linux 6.1.0-35-amd64
47 verbose node v18.20.8
48 verbose npm  v10.8.2
49 notice
49 notice New [31mmajor[39m version of npm available! [31m10.8.2[39m -> [34m11.4.1[39m
49 notice Changelog: [34mhttps://github.com/npm/cli/releases/tag/v11.4.1[39m
49 notice To update run: [4mnpm install -g npm@11.4.1[24m
49 notice  { force: true, [Symbol(proc-log.meta)]: true }
50 verbose exit 0
51 info ok
