0 verbose cli /usr/bin/node /usr/bin/npm
1 info using npm@10.8.2
2 info using node@v18.20.8
3 silly config load:file:/usr/lib/node_modules/npm/npmrc
4 silly config load:file:/home/book/.npmrc
5 silly config load:file:/usr/etc/npmrc
6 verbose title npm install nodemailer
7 verbose argv "install" "nodemailer"
8 verbose logfile logs-max:10 dir:/home/book/.npm/_logs/2025-05-27T13_16_43_142Z-
9 verbose logfile /home/book/.npm/_logs/2025-05-27T13_16_43_142Z-debug-0.log
10 silly packumentCache heap:513277952 maxSize:128319488 maxEntrySize:64159744
11 silly logfile done cleaning log files
12 silly idealTree buildDeps
13 silly fetch manifest nodemailer@*
14 silly packumentCache full:https://registry.npmjs.org/nodemailer cache-miss
15 http fetch GET 200 https://registry.npmjs.org/nodemailer 207ms (cache miss)
16 silly packumentCache full:https://registry.npmjs.org/nodemailer set size:undefined disposed:false
17 silly placeDep ROOT nodemailer@7.0.3 OK for: book-request-system@1.0.0 want: *
18 silly reify moves {}
19 silly audit bulk request {
19 silly audit   accepts: [ '1.3.8' ],
19 silly audit   anymatch: [ '3.1.3' ],
19 silly audit   'append-field': [ '1.0.0' ],
19 silly audit   'array-flatten': [ '1.1.1' ],
19 silly audit   'balanced-match': [ '1.0.2' ],
19 silly audit   bcrypt: [ '6.0.0' ],
19 silly audit   'binary-extensions': [ '2.3.0' ],
19 silly audit   'body-parser': [ '1.20.3' ],
19 silly audit   'brace-expansion': [ '1.1.11' ],
19 silly audit   braces: [ '3.0.3' ],
19 silly audit   'buffer-from': [ '1.1.2' ],
19 silly audit   busboy: [ '1.6.0' ],
19 silly audit   bytes: [ '3.1.2' ],
19 silly audit   'call-bind-apply-helpers': [ '1.0.2' ],
19 silly audit   'call-bound': [ '1.0.4' ],
19 silly audit   chokidar: [ '3.6.0' ],
19 silly audit   'concat-map': [ '0.0.1' ],
19 silly audit   'concat-stream': [ '1.6.2' ],
19 silly audit   'content-disposition': [ '0.5.4' ],
19 silly audit   'content-type': [ '1.0.5' ],
19 silly audit   cookie: [ '0.7.1' ],
19 silly audit   'cookie-signature': [ '1.0.6' ],
19 silly audit   'core-util-is': [ '1.0.3' ],
19 silly audit   cors: [ '2.8.5' ],
19 silly audit   'csv-parser': [ '3.2.0' ],
19 silly audit   debug: [ '2.6.9', '4.4.1' ],
19 silly audit   depd: [ '2.0.0' ],
19 silly audit   destroy: [ '1.2.0' ],
19 silly audit   'dunder-proto': [ '1.0.1' ],
19 silly audit   'ee-first': [ '1.1.1' ],
19 silly audit   encodeurl: [ '2.0.0', '1.0.2' ],
19 silly audit   'es-define-property': [ '1.0.1' ],
19 silly audit   'es-errors': [ '1.3.0' ],
19 silly audit   'es-object-atoms': [ '1.1.1' ],
19 silly audit   'escape-html': [ '1.0.3' ],
19 silly audit   etag: [ '1.8.1' ],
19 silly audit   express: [ '4.21.2' ],
19 silly audit   'fill-range': [ '7.1.1' ],
19 silly audit   finalhandler: [ '1.3.1' ],
19 silly audit   forwarded: [ '0.2.0' ],
19 silly audit   fresh: [ '0.5.2' ],
19 silly audit   'fs-extra': [ '11.3.0' ],
19 silly audit   fsevents: [ '2.3.3' ],
19 silly audit   'function-bind': [ '1.1.2' ],
19 silly audit   'get-intrinsic': [ '1.3.0' ],
19 silly audit   'get-proto': [ '1.0.1' ],
19 silly audit   'glob-parent': [ '5.1.2' ],
19 silly audit   gopd: [ '1.2.0' ],
19 silly audit   'graceful-fs': [ '4.2.11' ],
19 silly audit   'has-flag': [ '3.0.0' ],
19 silly audit   'has-symbols': [ '1.1.0' ],
19 silly audit   hasown: [ '2.0.2' ],
19 silly audit   'http-errors': [ '2.0.0' ],
19 silly audit   'iconv-lite': [ '0.4.24' ],
19 silly audit   'ignore-by-default': [ '1.0.1' ],
19 silly audit   inherits: [ '2.0.4' ],
19 silly audit   'ipaddr.js': [ '1.9.1' ],
19 silly audit   'is-binary-path': [ '2.1.0' ],
19 silly audit   'is-extglob': [ '2.1.1' ],
19 silly audit   'is-glob': [ '4.0.3' ],
19 silly audit   'is-number': [ '7.0.0' ],
19 silly audit   isarray: [ '1.0.0' ],
19 silly audit   jsonfile: [ '6.1.0' ],
19 silly audit   'math-intrinsics': [ '1.1.0' ],
19 silly audit   'media-typer': [ '0.3.0' ],
19 silly audit   'merge-descriptors': [ '1.0.3' ],
19 silly audit   methods: [ '1.1.2' ],
19 silly audit   mime: [ '1.6.0' ],
19 silly audit   'mime-db': [ '1.52.0' ],
19 silly audit   'mime-types': [ '2.1.35' ],
19 silly audit   minimatch: [ '3.1.2' ],
19 silly audit   minimist: [ '1.2.8' ],
19 silly audit   mkdirp: [ '0.5.6' ],
19 silly audit   ms: [ '2.0.0', '2.1.3' ],
19 silly audit   multer: [ '1.4.5-lts.2' ],
19 silly audit   negotiator: [ '0.6.3' ],
19 silly audit   'node-addon-api': [ '8.3.1' ],
19 silly audit   'node-gyp-build': [ '4.8.4' ],
19 silly audit   nodemon: [ '3.1.10' ],
19 silly audit   'normalize-path': [ '3.0.0' ],
19 silly audit   'object-assign': [ '4.1.1' ],
19 silly audit   'object-inspect': [ '1.13.4' ],
19 silly audit   'on-finished': [ '2.4.1' ],
19 silly audit   parseurl: [ '1.3.3' ],
19 silly audit   'path-to-regexp': [ '0.1.12' ],
19 silly audit   picomatch: [ '2.3.1' ],
19 silly audit   'process-nextick-args': [ '2.0.1' ],
19 silly audit   'proxy-addr': [ '2.0.7' ],
19 silly audit   'pstree.remy': [ '1.1.8' ],
19 silly audit   qs: [ '6.13.0' ],
19 silly audit   'range-parser': [ '1.2.1' ],
19 silly audit   'raw-body': [ '2.5.2' ],
19 silly audit   'readable-stream': [ '2.3.8' ],
19 silly audit   'safe-buffer': [ '5.1.2', '5.2.1' ],
19 silly audit   readdirp: [ '3.6.0' ],
19 silly audit   'safer-buffer': [ '2.1.2' ],
19 silly audit   semver: [ '7.7.2' ],
19 silly audit   send: [ '0.19.0' ],
19 silly audit   'serve-static': [ '1.16.2' ],
19 silly audit   setprototypeof: [ '1.2.0' ],
19 silly audit   'side-channel': [ '1.1.0' ],
19 silly audit   'side-channel-list': [ '1.0.0' ],
19 silly audit   'side-channel-map': [ '1.0.1' ],
19 silly audit   'side-channel-weakmap': [ '1.0.2' ],
19 silly audit   'simple-update-notifier': [ '2.0.0' ],
19 silly audit   statuses: [ '2.0.1' ],
19 silly audit   streamsearch: [ '1.1.0' ],
19 silly audit   string_decoder: [ '1.1.1' ],
19 silly audit   'supports-color': [ '5.5.0' ],
19 silly audit   'to-regex-range': [ '5.0.1' ],
19 silly audit   toidentifier: [ '1.0.1' ],
19 silly audit   touch: [ '3.1.1' ],
19 silly audit   'type-is': [ '1.6.18' ],
19 silly audit   typedarray: [ '0.0.6' ],
19 silly audit   undefsafe: [ '2.0.5' ],
19 silly audit   universalify: [ '2.0.1' ],
19 silly audit   unpipe: [ '1.0.0' ],
19 silly audit   'util-deprecate': [ '1.0.2' ],
19 silly audit   'utils-merge': [ '1.0.1' ],
19 silly audit   uuid: [ '9.0.1' ],
19 silly audit   vary: [ '1.1.2' ],
19 silly audit   xtend: [ '4.0.2' ],
19 silly audit   nodemailer: [ '7.0.3' ]
19 silly audit }
20 silly tarball no local data for nodemailer@https://registry.npmjs.org/nodemailer/-/nodemailer-7.0.3.tgz. Extracting by manifest.
21 http fetch GET 200 https://registry.npmjs.org/nodemailer/-/nodemailer-7.0.3.tgz 155ms (cache miss)
22 http fetch POST 200 https://registry.npmjs.org/-/npm/v1/security/advisories/bulk 296ms
23 silly audit report {}
24 silly ADD node_modules/nodemailer
25 verbose cwd /home/book
26 verbose os Linux 6.1.0-35-amd64
27 verbose node v18.20.8
28 verbose npm  v10.8.2
29 verbose exit 0
30 info ok
